PRT1
168
310
4 0 2 (6144 5120 -448 ) (6144 5120 4544 ) (6144 5632 4544 ) (6144 5632 -448 ) 
4 0 1 (6144 5120 4544 ) (6144 5120 -448 ) (6400 5120 -448 ) (6400 5120 4544 ) 
4 1 6 (6400 4096 -448 ) (6400 4096 4544 ) (6144 4096 4544 ) (6144 4096 -448 ) 
4 1 4 (6144 4096 -448 ) (6144 4096 4544 ) (6144 5120 4544 ) (6144 5120 -448 ) 
4 2 4 (6144 5120 -448 ) (6144 5120 4544 ) (5120 5120 4544 ) (5120 5120 -448 ) 
4 2 3 (5120 5120 -448 ) (5120 5120 4544 ) (5120 5632 4544 ) (5120 5632 -448 ) 
4 3 18 (4096 5120 -448 ) (4096 5120 4544 ) (4096 5632 4544 ) (4096 5632 -448 ) 
4 3 5 (4096 5120 4544 ) (4096 5120 -448 ) (5120 5120 -448 ) (5120 5120 4544 ) 
4 4 8 (6144 4096 -448 ) (6144 4096 4544 ) (5120 4096 4544 ) (5120 4096 -448 ) 
4 4 5 (5120 5120 4544 ) (5120 5120 -448 ) (5120 4096 -448 ) (5120 4096 4544 ) 
4 5 20 (4096 4096 -448 ) (4096 4096 4544 ) (4096 5120 4544 ) (4096 5120 -448 ) 
4 5 9 (5120 4096 -448 ) (5120 4096 4544 ) (4096 4096 4544 ) (4096 4096 -448 ) 
4 6 8 (6144 3072 -448 ) (6144 3072 4544 ) (6144 4096 4544 ) (6144 4096 -448 ) 
4 6 7 (6400 3072 -448 ) (6400 3072 4544 ) (6144 3072 4544 ) (6144 3072 -448 ) 
4 7 12 (6400 2048 -448 ) (6400 2048 4544 ) (6144 2048 4544 ) (6144 2048 -448 ) 
4 7 10 (6144 2048 -448 ) (6144 2048 4544 ) (6144 3072 4544 ) (6144 3072 -448 ) 
4 8 10 (6144 3072 -448 ) (6144 3072 4544 ) (5120 3072 4544 ) (5120 3072 -448 ) 
4 8 9 (5120 3072 -448 ) (5120 3072 4544 ) (5120 4096 4544 ) (5120 4096 -448 ) 
4 9 26 (4096 3072 -448 ) (4096 3072 4544 ) (4096 4096 4544 ) (4096 4096 -448 ) 
4 9 11 (4096 3072 4544 ) (4096 3072 -448 ) (5120 3072 -448 ) (5120 3072 4544 ) 
4 10 14 (6144 2048 -448 ) (6144 2048 4544 ) (5120 2048 4544 ) (5120 2048 -448 ) 
4 10 11 (5120 3072 4544 ) (5120 3072 -448 ) (5120 2048 -448 ) (5120 2048 4544 ) 
4 11 28 (4096 2048 -448 ) (4096 2048 4544 ) (4096 3072 4544 ) (4096 3072 -448 ) 
4 11 15 (4096 2048 4544 ) (4096 2048 -448 ) (5120 2048 -448 ) (5120 2048 4544 ) 
4 12 14 (6144 2048 4544 ) (6144 2048 -448 ) (6144 1024 -448 ) (6144 1024 4544 ) 
4 12 13 (6400 1024 -448 ) (6400 1024 4544 ) (6144 1024 4544 ) (6144 1024 -448 ) 
4 13 42 (6400 0 -448 ) (6400 0 4544 ) (6144 0 4544 ) (6144 0 -448 ) 
4 13 16 (6144 0 -448 ) (6144 0 4544 ) (6144 1024 4544 ) (6144 1024 -448 ) 
4 14 16 (6144 1024 -448 ) (6144 1024 4544 ) (5120 1024 4544 ) (5120 1024 -448 ) 
4 14 15 (5120 2048 4544 ) (5120 2048 -448 ) (5120 1024 -448 ) (5120 1024 4544 ) 
4 15 34 (4096 1024 -448 ) (4096 1024 4544 ) (4096 2048 4544 ) (4096 2048 -448 ) 
4 15 17 (4096 1024 4544 ) (4096 1024 -448 ) (5120 1024 -448 ) (5120 1024 4544 ) 
4 16 45 (6144 0 -448 ) (6144 0 4544 ) (5120 0 4544 ) (5120 0 -448 ) 
4 16 17 (5120 1024 4544 ) (5120 1024 -448 ) (5120 0 -448 ) (5120 0 4544 ) 
4 17 46 (5120 0 -448 ) (5120 0 4544 ) (4096 0 4544 ) (4096 0 -448 ) 
4 17 36 (4096 0 -448 ) (4096 0 4544 ) (4096 1024 4544 ) (4096 1024 -448 ) 
4 18 20 (4096 5120 -448 ) (4096 5120 4544 ) (3072 5120 4544 ) (3072 5120 -448 ) 
4 18 19 (3072 5120 -448 ) (3072 5120 4544 ) (3072 5632 4544 ) (3072 5632 -448 ) 
4 19 22 (2048 5120 -448 ) (2048 5120 4544 ) (2048 5632 4544 ) (2048 5632 -448 ) 
4 19 21 (2048 5120 4544 ) (2048 5120 -448 ) (3072 5120 -448 ) (3072 5120 4544 ) 
4 20 26 (4096 4096 -448 ) (4096 4096 4544 ) (3072 4096 4544 ) (3072 4096 -448 ) 
4 20 21 (3072 5120 4544 ) (3072 5120 -448 ) (3072 4096 -448 ) (3072 4096 4544 ) 
4 21 27 (3072 4096 -448 ) (3072 4096 4544 ) (2048 4096 4544 ) (2048 4096 -448 ) 
4 21 24 (2048 4096 -448 ) (2048 4096 4544 ) (2048 5120 4544 ) (2048 5120 -448 ) 
4 22 24 (2048 5120 -448 ) (2048 5120 4544 ) (1024 5120 4544 ) (1024 5120 -448 ) 
4 22 23 (1024 5120 -448 ) (1024 5120 4544 ) (1024 5632 4544 ) (1024 5632 -448 ) 
4 23 84 (0 5120 -448 ) (0 5120 4544 ) (0 5632 4544 ) (0 5632 -448 ) 
4 23 25 (0 5120 4544 ) (0 5120 -448 ) (1024 5120 -448 ) (1024 5120 4544 ) 
4 24 30 (2048 4096 -448 ) (2048 4096 4544 ) (1024 4096 4544 ) (1024 4096 -448 ) 
4 24 25 (1024 5120 4544 ) (1024 5120 -448 ) (1024 4096 -448 ) (1024 4096 4544 ) 
4 25 86 (0 4096 -448 ) (0 4096 4544 ) (0 5120 4544 ) (0 5120 -448 ) 
4 25 31 (1024 4096 -448 ) (1024 4096 4544 ) (0 4096 4544 ) (0 4096 -448 ) 
4 26 28 (4096 3072 -448 ) (4096 3072 4544 ) (3072 3072 4544 ) (3072 3072 -448 ) 
4 26 27 (3072 3072 -448 ) (3072 3072 4544 ) (3072 4096 4544 ) (3072 4096 -448 ) 
4 27 30 (2048 3072 -448 ) (2048 3072 4544 ) (2048 4096 4544 ) (2048 4096 -448 ) 
4 27 29 (3072 3072 -448 ) (3072 3072 4544 ) (2048 3072 4544 ) (2048 3072 -448 ) 
4 28 34 (4096 2048 -448 ) (4096 2048 4544 ) (3072 2048 4544 ) (3072 2048 -448 ) 
4 28 29 (3072 3072 4544 ) (3072 3072 -448 ) (3072 2048 -448 ) (3072 2048 4544 ) 
4 29 35 (3072 2048 -448 ) (3072 2048 4544 ) (2048 2048 4544 ) (2048 2048 -448 ) 
4 29 32 (2048 2048 -448 ) (2048 2048 4544 ) (2048 3072 4544 ) (2048 3072 -448 ) 
4 30 32 (2048 3072 -448 ) (2048 3072 4544 ) (1024 3072 4544 ) (1024 3072 -448 ) 
4 30 31 (1024 3072 -448 ) (1024 3072 4544 ) (1024 4096 4544 ) (1024 4096 -448 ) 
4 31 92 (0 3072 -448 ) (0 3072 4544 ) (0 4096 4544 ) (0 4096 -448 ) 
4 31 33 (0 3072 4544 ) (0 3072 -448 ) (1024 3072 -448 ) (1024 3072 4544 ) 
4 32 38 (2048 2048 -448 ) (2048 2048 4544 ) (1024 2048 4544 ) (1024 2048 -448 ) 
4 32 33 (1024 3072 4544 ) (1024 3072 -448 ) (1024 2048 -448 ) (1024 2048 4544 ) 
4 33 94 (0 2048 -448 ) (0 2048 4544 ) (0 3072 4544 ) (0 3072 -448 ) 
4 33 39 (0 2048 4544 ) (0 2048 -448 ) (1024 2048 -448 ) (1024 2048 4544 ) 
4 34 36 (4096 1024 -448 ) (4096 1024 4544 ) (3072 1024 4544 ) (3072 1024 -448 ) 
4 34 35 (3072 2048 4544 ) (3072 2048 -448 ) (3072 1024 -448 ) (3072 1024 4544 ) 
4 35 38 (2048 2048 4544 ) (2048 2048 -448 ) (2048 1024 -448 ) (2048 1024 4544 ) 
4 35 37 (3072 1024 -448 ) (3072 1024 4544 ) (2048 1024 4544 ) (2048 1024 -448 ) 
4 36 60 (4096 0 -448 ) (4096 0 4544 ) (3072 0 4544 ) (3072 0 -448 ) 
4 36 37 (3072 1024 4544 ) (3072 1024 -448 ) (3072 0 -448 ) (3072 0 4544 ) 
4 37 61 (3072 0 -448 ) (3072 0 4544 ) (2048 0 4544 ) (2048 0 -448 ) 
4 37 40 (2048 0 -448 ) (2048 0 4544 ) (2048 1024 4544 ) (2048 1024 -448 ) 
4 38 40 (2048 1024 -448 ) (2048 1024 4544 ) (1024 1024 4544 ) (1024 1024 -448 ) 
4 38 39 (1024 2048 4544 ) (1024 2048 -448 ) (1024 1024 -448 ) (1024 1024 4544 ) 
4 39 100 (0 1024 -448 ) (0 1024 4544 ) (0 2048 4544 ) (0 2048 -448 ) 
4 39 41 (0 1024 4544 ) (0 1024 -448 ) (1024 1024 -448 ) (1024 1024 4544 ) 
4 40 66 (2048 0 -448 ) (2048 0 4544 ) (1024 0 4544 ) (1024 0 -448 ) 
4 40 41 (1024 1024 4544 ) (1024 1024 -448 ) (1024 0 -448 ) (1024 0 4544 ) 
4 41 102 (0 0 -448 ) (0 0 4544 ) (0 1024 4544 ) (0 1024 -448 ) 
4 41 67 (1024 0 -448 ) (1024 0 4544 ) (0 0 4544 ) (0 0 -448 ) 
4 42 45 (6144 0 4544 ) (6144 0 -448 ) (6144 -1024 -448 ) (6144 -1024 4544 ) 
4 42 43 (6400 -1024 -448 ) (6400 -1024 4544 ) (6144 -1024 4544 ) (6144 -1024 -448 ) 
4 43 47 (6144 -2048 -448 ) (6144 -2048 4544 ) (6144 -1024 4544 ) (6144 -1024 -448 ) 
4 43 44 (6144 -2048 4544 ) (6144 -2048 -448 ) (6400 -2048 -448 ) (6400 -2048 4544 ) 
4 44 51 (6400 -3072 -448 ) (6400 -3072 4544 ) (6144 -3072 4544 ) (6144 -3072 -448 ) 
4 44 49 (6144 -3072 -448 ) (6144 -3072 4544 ) (6144 -2048 4544 ) (6144 -2048 -448 ) 
4 45 47 (6144 -1024 -448 ) (6144 -1024 4544 ) (5120 -1024 4544 ) (5120 -1024 -448 ) 
4 45 46 (5120 0 4544 ) (5120 0 -448 ) (5120 -1024 -448 ) (5120 -1024 4544 ) 
4 46 60 (4096 0 4544 ) (4096 0 -448 ) (4096 -1024 -448 ) (4096 -1024 4544 ) 
4 46 48 (5120 -1024 -448 ) (5120 -1024 4544 ) (4096 -1024 4544 ) (4096 -1024 -448 ) 
4 47 49 (6144 -2048 -448 ) (6144 -2048 4544 ) (5120 -2048 4544 ) (5120 -2048 -448 ) 
4 47 48 (5120 -2048 -448 ) (5120 -2048 4544 ) (5120 -1024 4544 ) (5120 -1024 -448 ) 
4 48 62 (4096 -2048 -448 ) (4096 -2048 4544 ) (4096 -1024 4544 ) (4096 -1024 -448 ) 
4 48 50 (4096 -2048 4544 ) (4096 -2048 -448 ) (5120 -2048 -448 ) (5120 -2048 4544 ) 
4 49 53 (6144 -3072 -448 ) (6144 -3072 4544 ) (5120 -3072 4544 ) (5120 -3072 -448 ) 
4 49 50 (5120 -2048 4544 ) (5120 -2048 -448 ) (5120 -3072 -448 ) (5120 -3072 4544 ) 
4 50 64 (4096 -3072 -448 ) (4096 -3072 4544 ) (4096 -2048 4544 ) (4096 -2048 -448 ) 
4 50 54 (5120 -3072 -448 ) (5120 -3072 4544 ) (4096 -3072 4544 ) (4096 -3072 -448 ) 
4 51 53 (6144 -4096 -448 ) (6144 -4096 4544 ) (6144 -3072 4544 ) (6144 -3072 -448 ) 
4 51 52 (6400 -4096 -448 ) (6400 -4096 4544 ) (6144 -4096 4544 ) (6144 -4096 -448 ) 
4 52 57 (6400 -5120 -448 ) (6400 -5120 4544 ) (6144 -5120 4544 ) (6144 -5120 -448 ) 
4 52 55 (6144 -5120 -448 ) (6144 -5120 4544 ) (6144 -4096 4544 ) (6144 -4096 -448 ) 
4 53 55 (6144 -4096 -448 ) (6144 -4096 4544 ) (5120 -4096 4544 ) (5120 -4096 -448 ) 
4 53 54 (5120 -4096 -448 ) (5120 -4096 4544 ) (5120 -3072 4544 ) (5120 -3072 -448 ) 
4 54 72 (4096 -4096 -448 ) (4096 -4096 4544 ) (4096 -3072 4544 ) (4096 -3072 -448 ) 
4 54 56 (4096 -4096 4544 ) (4096 -4096 -448 ) (5120 -4096 -448 ) (5120 -4096 4544 ) 
4 55 58 (6144 -5120 -448 ) (6144 -5120 4544 ) (5120 -5120 4544 ) (5120 -5120 -448 ) 
4 55 56 (5120 -4096 4544 ) (5120 -4096 -448 ) (5120 -5120 -448 ) (5120 -5120 4544 ) 
4 56 74 (4096 -5120 -448 ) (4096 -5120 4544 ) (4096 -4096 4544 ) (4096 -4096 -448 ) 
4 56 59 (4096 -5120 4544 ) (4096 -5120 -448 ) (5120 -5120 -448 ) (5120 -5120 4544 ) 
4 57 58 (6144 -5120 4544 ) (6144 -5120 -448 ) (6144 -5632 -448 ) (6144 -5632 4544 ) 
4 58 59 (5120 -5120 4544 ) (5120 -5120 -448 ) (5120 -5632 -448 ) (5120 -5632 4544 ) 
4 59 80 (4096 -5632 -448 ) (4096 -5632 4544 ) (4096 -5120 4544 ) (4096 -5120 -448 ) 
4 60 62 (4096 -1024 -448 ) (4096 -1024 4544 ) (3072 -1024 4544 ) (3072 -1024 -448 ) 
4 60 61 (3072 0 4544 ) (3072 0 -448 ) (3072 -1024 -448 ) (3072 -1024 4544 ) 
4 61 66 (2048 0 4544 ) (2048 0 -448 ) (2048 -1024 -448 ) (2048 -1024 4544 ) 
4 61 63 (3072 -1024 -448 ) (3072 -1024 4544 ) (2048 -1024 4544 ) (2048 -1024 -448 ) 
4 62 64 (4096 -2048 -448 ) (4096 -2048 4544 ) (3072 -2048 4544 ) (3072 -2048 -448 ) 
4 62 63 (3072 -2048 -448 ) (3072 -2048 4544 ) (3072 -1024 4544 ) (3072 -1024 -448 ) 
4 63 68 (2048 -2048 -448 ) (2048 -2048 4544 ) (2048 -1024 4544 ) (2048 -1024 -448 ) 
4 63 65 (2048 -2048 4544 ) (2048 -2048 -448 ) (3072 -2048 -448 ) (3072 -2048 4544 ) 
4 64 72 (4096 -3072 -448 ) (4096 -3072 4544 ) (3072 -3072 4544 ) (3072 -3072 -448 ) 
4 64 65 (3072 -2048 4544 ) (3072 -2048 -448 ) (3072 -3072 -448 ) (3072 -3072 4544 ) 
4 65 73 (3072 -3072 -448 ) (3072 -3072 4544 ) (2048 -3072 4544 ) (2048 -3072 -448 ) 
4 65 70 (2048 -3072 -448 ) (2048 -3072 4544 ) (2048 -2048 4544 ) (2048 -2048 -448 ) 
4 66 68 (2048 -1024 -448 ) (2048 -1024 4544 ) (1024 -1024 4544 ) (1024 -1024 -448 ) 
4 66 67 (1024 0 4544 ) (1024 0 -448 ) (1024 -1024 -448 ) (1024 -1024 4544 ) 
4 67 126 (0 -1024 -448 ) (0 -1024 4544 ) (0 0 4544 ) (0 0 -448 ) 
4 67 69 (1024 -1024 -448 ) (1024 -1024 4544 ) (0 -1024 4544 ) (0 -1024 -448 ) 
4 68 70 (2048 -2048 -448 ) (2048 -2048 4544 ) (1024 -2048 4544 ) (1024 -2048 -448 ) 
4 68 69 (1024 -2048 -448 ) (1024 -2048 4544 ) (1024 -1024 4544 ) (1024 -1024 -448 ) 
4 69 128 (0 -2048 -448 ) (0 -2048 4544 ) (0 -1024 4544 ) (0 -1024 -448 ) 
4 69 71 (0 -2048 4544 ) (0 -2048 -448 ) (1024 -2048 -448 ) (1024 -2048 4544 ) 
4 70 76 (2048 -3072 -448 ) (2048 -3072 4544 ) (1024 -3072 4544 ) (1024 -3072 -448 ) 
4 70 71 (1024 -2048 4544 ) (1024 -2048 -448 ) (1024 -3072 -448 ) (1024 -3072 4544 ) 
4 71 130 (0 -3072 -448 ) (0 -3072 4544 ) (0 -2048 4544 ) (0 -2048 -448 ) 
4 71 77 (1024 -3072 -448 ) (1024 -3072 4544 ) (0 -3072 4544 ) (0 -3072 -448 ) 
4 72 74 (4096 -4096 -448 ) (4096 -4096 4544 ) (3072 -4096 4544 ) (3072 -4096 -448 ) 
4 72 73 (3072 -4096 -448 ) (3072 -4096 4544 ) (3072 -3072 4544 ) (3072 -3072 -448 ) 
4 73 76 (2048 -4096 -448 ) (2048 -4096 4544 ) (2048 -3072 4544 ) (2048 -3072 -448 ) 
4 73 75 (3072 -4096 -448 ) (3072 -4096 4544 ) (2048 -4096 4544 ) (2048 -4096 -448 ) 
4 74 80 (4096 -5120 -448 ) (4096 -5120 4544 ) (3072 -5120 4544 ) (3072 -5120 -448 ) 
4 74 75 (3072 -4096 4544 ) (3072 -4096 -448 ) (3072 -5120 -448 ) (3072 -5120 4544 ) 
4 75 81 (3072 -5120 -448 ) (3072 -5120 4544 ) (2048 -5120 4544 ) (2048 -5120 -448 ) 
4 75 78 (2048 -5120 -448 ) (2048 -5120 4544 ) (2048 -4096 4544 ) (2048 -4096 -448 ) 
4 76 78 (2048 -4096 -448 ) (2048 -4096 4544 ) (1024 -4096 4544 ) (1024 -4096 -448 ) 
4 76 77 (1024 -4096 -448 ) (1024 -4096 4544 ) (1024 -3072 4544 ) (1024 -3072 -448 ) 
4 77 138 (0 -4096 -448 ) (0 -4096 4544 ) (0 -3072 4544 ) (0 -3072 -448 ) 
4 77 79 (0 -4096 4544 ) (0 -4096 -448 ) (1024 -4096 -448 ) (1024 -4096 4544 ) 
4 78 82 (2048 -5120 -448 ) (2048 -5120 4544 ) (1024 -5120 4544 ) (1024 -5120 -448 ) 
4 78 79 (1024 -4096 4544 ) (1024 -4096 -448 ) (1024 -5120 -448 ) (1024 -5120 4544 ) 
4 79 140 (0 -5120 -448 ) (0 -5120 4544 ) (0 -4096 4544 ) (0 -4096 -448 ) 
4 79 83 (0 -5120 4544 ) (0 -5120 -448 ) (1024 -5120 -448 ) (1024 -5120 4544 ) 
4 80 81 (3072 -5120 4544 ) (3072 -5120 -448 ) (3072 -5632 -448 ) (3072 -5632 4544 ) 
4 81 82 (2048 -5120 4544 ) (2048 -5120 -448 ) (2048 -5632 -448 ) (2048 -5632 4544 ) 
4 82 83 (1024 -5120 4544 ) (1024 -5120 -448 ) (1024 -5632 -448 ) (1024 -5632 4544 ) 
4 83 146 (0 -5632 -448 ) (0 -5632 4544 ) (0 -5120 4544 ) (0 -5120 -448 ) 
4 84 86 (0 5120 -448 ) (0 5120 4544 ) (-1024 5120 4544 ) (-1024 5120 -448 ) 
4 84 85 (-1024 5120 -448 ) (-1024 5120 4544 ) (-1024 5632 4544 ) (-1024 5632 -448 ) 
4 85 88 (-2048 5120 -448 ) (-2048 5120 4544 ) (-2048 5632 4544 ) (-2048 5632 -448 ) 
4 85 87 (-2048 5120 4544 ) (-2048 5120 -448 ) (-1024 5120 -448 ) (-1024 5120 4544 ) 
4 86 92 (0 4096 -448 ) (0 4096 4544 ) (-1024 4096 4544 ) (-1024 4096 -448 ) 
4 86 87 (-1024 5120 4544 ) (-1024 5120 -448 ) (-1024 4096 -448 ) (-1024 4096 4544 ) 
4 87 93 (-1024 4096 -448 ) (-1024 4096 4544 ) (-2048 4096 4544 ) (-2048 4096 -448 ) 
4 87 90 (-2048 4096 -448 ) (-2048 4096 4544 ) (-2048 5120 4544 ) (-2048 5120 -448 ) 
4 88 90 (-2048 5120 -448 ) (-2048 5120 4544 ) (-3072 5120 4544 ) (-3072 5120 -448 ) 
4 88 89 (-3072 5120 -448 ) (-3072 5120 4544 ) (-3072 5632 4544 ) (-3072 5632 -448 ) 
4 89 108 (-4096 5120 -448 ) (-4096 5120 4544 ) (-4096 5632 4544 ) (-4096 5632 -448 ) 
4 89 91 (-4096 5120 4544 ) (-4096 5120 -448 ) (-3072 5120 -448 ) (-3072 5120 4544 ) 
4 90 96 (-2048 4096 -448 ) (-2048 4096 4544 ) (-3072 4096 4544 ) (-3072 4096 -448 ) 
4 90 91 (-3072 5120 4544 ) (-3072 5120 -448 ) (-3072 4096 -448 ) (-3072 4096 4544 ) 
4 91 110 (-4096 4096 -448 ) (-4096 4096 4544 ) (-4096 5120 4544 ) (-4096 5120 -448 ) 
4 91 97 (-3072 4096 -448 ) (-3072 4096 4544 ) (-4096 4096 4544 ) (-4096 4096 -448 ) 
4 92 94 (0 3072 -448 ) (0 3072 4544 ) (-1024 3072 4544 ) (-1024 3072 -448 ) 
4 92 93 (-1024 3072 -448 ) (-1024 3072 4544 ) (-1024 4096 4544 ) (-1024 4096 -448 ) 
4 93 96 (-2048 3072 -448 ) (-2048 3072 4544 ) (-2048 4096 4544 ) (-2048 4096 -448 ) 
4 93 95 (-1024 3072 -448 ) (-1024 3072 4544 ) (-2048 3072 4544 ) (-2048 3072 -448 ) 
4 94 100 (0 2048 -448 ) (0 2048 4544 ) (-1024 2048 4544 ) (-1024 2048 -448 ) 
4 94 95 (-1024 3072 4544 ) (-1024 3072 -448 ) (-1024 2048 -448 ) (-1024 2048 4544 ) 
4 95 101 (-1024 2048 -448 ) (-1024 2048 4544 ) (-2048 2048 4544 ) (-2048 2048 -448 ) 
4 95 98 (-2048 2048 -448 ) (-2048 2048 4544 ) (-2048 3072 4544 ) (-2048 3072 -448 ) 
4 96 98 (-2048 3072 -448 ) (-2048 3072 4544 ) (-3072 3072 4544 ) (-3072 3072 -448 ) 
4 96 97 (-3072 3072 -448 ) (-3072 3072 4544 ) (-3072 4096 4544 ) (-3072 4096 -448 ) 
4 97 114 (-4096 3072 -448 ) (-4096 3072 4544 ) (-4096 4096 4544 ) (-4096 4096 -448 ) 
4 97 99 (-4096 3072 4544 ) (-4096 3072 -448 ) (-3072 3072 -448 ) (-3072 3072 4544 ) 
4 98 104 (-2048 2048 -448 ) (-2048 2048 4544 ) (-3072 2048 4544 ) (-3072 2048 -448 ) 
4 98 99 (-3072 3072 4544 ) (-3072 3072 -448 ) (-3072 2048 -448 ) (-3072 2048 4544 ) 
4 99 116 (-4096 2048 -448 ) (-4096 2048 4544 ) (-4096 3072 4544 ) (-4096 3072 -448 ) 
4 99 105 (-4096 2048 4544 ) (-4096 2048 -448 ) (-3072 2048 -448 ) (-3072 2048 4544 ) 
4 100 102 (0 1024 -448 ) (0 1024 4544 ) (-1024 1024 4544 ) (-1024 1024 -448 ) 
4 100 101 (-1024 2048 4544 ) (-1024 2048 -448 ) (-1024 1024 -448 ) (-1024 1024 4544 ) 
4 101 104 (-2048 2048 4544 ) (-2048 2048 -448 ) (-2048 1024 -448 ) (-2048 1024 4544 ) 
4 101 103 (-1024 1024 -448 ) (-1024 1024 4544 ) (-2048 1024 4544 ) (-2048 1024 -448 ) 
4 102 126 (0 0 -448 ) (0 0 4544 ) (-1024 0 4544 ) (-1024 0 -448 ) 
4 102 103 (-1024 1024 4544 ) (-1024 1024 -448 ) (-1024 0 -448 ) (-1024 0 4544 ) 
4 103 127 (-1024 0 -448 ) (-1024 0 4544 ) (-2048 0 4544 ) (-2048 0 -448 ) 
4 103 106 (-2048 0 -448 ) (-2048 0 4544 ) (-2048 1024 4544 ) (-2048 1024 -448 ) 
4 104 106 (-2048 1024 -448 ) (-2048 1024 4544 ) (-3072 1024 4544 ) (-3072 1024 -448 ) 
4 104 105 (-3072 2048 4544 ) (-3072 2048 -448 ) (-3072 1024 -448 ) (-3072 1024 4544 ) 
4 105 120 (-4096 1024 -448 ) (-4096 1024 4544 ) (-4096 2048 4544 ) (-4096 2048 -448 ) 
4 105 107 (-4096 1024 4544 ) (-4096 1024 -448 ) (-3072 1024 -448 ) (-3072 1024 4544 ) 
4 106 132 (-2048 0 -448 ) (-2048 0 4544 ) (-3072 0 4544 ) (-3072 0 -448 ) 
4 106 107 (-3072 1024 4544 ) (-3072 1024 -448 ) (-3072 0 -448 ) (-3072 0 4544 ) 
4 107 133 (-3072 0 -448 ) (-3072 0 4544 ) (-4096 0 4544 ) (-4096 0 -448 ) 
4 107 122 (-4096 0 -448 ) (-4096 0 4544 ) (-4096 1024 4544 ) (-4096 1024 -448 ) 
4 108 110 (-4096 5120 -448 ) (-4096 5120 4544 ) (-5120 5120 4544 ) (-5120 5120 -448 ) 
4 108 109 (-5120 5120 -448 ) (-5120 5120 4544 ) (-5120 5632 4544 ) (-5120 5632 -448 ) 
4 109 112 (-6144 5120 -448 ) (-6144 5120 4544 ) (-6144 5632 4544 ) (-6144 5632 -448 ) 
4 109 111 (-6144 5120 4544 ) (-6144 5120 -448 ) (-5120 5120 -448 ) (-5120 5120 4544 ) 
4 110 114 (-4096 4096 -448 ) (-4096 4096 4544 ) (-5120 4096 4544 ) (-5120 4096 -448 ) 
4 110 111 (-5120 5120 4544 ) (-5120 5120 -448 ) (-5120 4096 -448 ) (-5120 4096 4544 ) 
4 111 115 (-5120 4096 -448 ) (-5120 4096 4544 ) (-6144 4096 4544 ) (-6144 4096 -448 ) 
4 111 113 (-6144 4096 -448 ) (-6144 4096 4544 ) (-6144 5120 4544 ) (-6144 5120 -448 ) 
4 112 113 (-6144 5120 -448 ) (-6144 5120 4544 ) (-6400 5120 4544 ) (-6400 5120 -448 ) 
4 113 118 (-6144 4096 -448 ) (-6144 4096 4544 ) (-6400 4096 4544 ) (-6400 4096 -448 ) 
4 114 116 (-4096 3072 -448 ) (-4096 3072 4544 ) (-5120 3072 4544 ) (-5120 3072 -448 ) 
4 114 115 (-5120 3072 -448 ) (-5120 3072 4544 ) (-5120 4096 4544 ) (-5120 4096 -448 ) 
4 115 118 (-6144 3072 -448 ) (-6144 3072 4544 ) (-6144 4096 4544 ) (-6144 4096 -448 ) 
4 115 117 (-5120 3072 -448 ) (-5120 3072 4544 ) (-6144 3072 4544 ) (-6144 3072 -448 ) 
4 116 120 (-4096 2048 -448 ) (-4096 2048 4544 ) (-5120 2048 4544 ) (-5120 2048 -448 ) 
4 116 117 (-5120 3072 4544 ) (-5120 3072 -448 ) (-5120 2048 -448 ) (-5120 2048 4544 ) 
4 117 121 (-5120 2048 -448 ) (-5120 2048 4544 ) (-6144 2048 4544 ) (-6144 2048 -448 ) 
4 117 119 (-6144 2048 -448 ) (-6144 2048 4544 ) (-6144 3072 4544 ) (-6144 3072 -448 ) 
4 118 119 (-6144 3072 -448 ) (-6144 3072 4544 ) (-6400 3072 4544 ) (-6400 3072 -448 ) 
4 119 124 (-6144 2048 -448 ) (-6144 2048 4544 ) (-6400 2048 4544 ) (-6400 2048 -448 ) 
4 120 122 (-4096 1024 -448 ) (-4096 1024 4544 ) (-5120 1024 4544 ) (-5120 1024 -448 ) 
4 120 121 (-5120 2048 4544 ) (-5120 2048 -448 ) (-5120 1024 -448 ) (-5120 1024 4544 ) 
4 121 124 (-6144 2048 4544 ) (-6144 2048 -448 ) (-6144 1024 -448 ) (-6144 1024 4544 ) 
4 121 123 (-5120 1024 -448 ) (-5120 1024 4544 ) (-6144 1024 4544 ) (-6144 1024 -448 ) 
4 122 150 (-4096 0 -448 ) (-4096 0 4544 ) (-5120 0 4544 ) (-5120 0 -448 ) 
4 122 123 (-5120 1024 4544 ) (-5120 1024 -448 ) (-5120 0 -448 ) (-5120 0 4544 ) 
4 123 151 (-5120 0 -448 ) (-5120 0 4544 ) (-6144 0 4544 ) (-6144 0 -448 ) 
4 123 125 (-6144 0 -448 ) (-6144 0 4544 ) (-6144 1024 4544 ) (-6144 1024 -448 ) 
4 124 125 (-6144 1024 -448 ) (-6144 1024 4544 ) (-6400 1024 4544 ) (-6400 1024 -448 ) 
4 125 156 (-6144 0 -448 ) (-6144 0 4544 ) (-6400 0 4544 ) (-6400 0 -448 ) 
4 126 128 (0 -1024 -448 ) (0 -1024 4544 ) (-1024 -1024 4544 ) (-1024 -1024 -448 ) 
4 126 127 (-1024 0 4544 ) (-1024 0 -448 ) (-1024 -1024 -448 ) (-1024 -1024 4544 ) 
4 127 132 (-2048 0 4544 ) (-2048 0 -448 ) (-2048 -1024 -448 ) (-2048 -1024 4544 ) 
4 127 129 (-1024 -1024 -448 ) (-1024 -1024 4544 ) (-2048 -1024 4544 ) (-2048 -1024 -448 ) 
4 128 130 (0 -2048 -448 ) (0 -2048 4544 ) (-1024 -2048 4544 ) (-1024 -2048 -448 ) 
4 128 129 (-1024 -2048 -448 ) (-1024 -2048 4544 ) (-1024 -1024 4544 ) (-1024 -1024 -448 ) 
4 129 134 (-2048 -2048 -448 ) (-2048 -2048 4544 ) (-2048 -1024 4544 ) (-2048 -1024 -448 ) 
4 129 131 (-2048 -2048 4544 ) (-2048 -2048 -448 ) (-1024 -2048 -448 ) (-1024 -2048 4544 ) 
4 130 138 (0 -3072 -448 ) (0 -3072 4544 ) (-1024 -3072 4544 ) (-1024 -3072 -448 ) 
4 130 131 (-1024 -2048 4544 ) (-1024 -2048 -448 ) (-1024 -3072 -448 ) (-1024 -3072 4544 ) 
4 131 139 (-1024 -3072 -448 ) (-1024 -3072 4544 ) (-2048 -3072 4544 ) (-2048 -3072 -448 ) 
4 131 136 (-2048 -3072 -448 ) (-2048 -3072 4544 ) (-2048 -2048 4544 ) (-2048 -2048 -448 ) 
4 132 134 (-2048 -1024 -448 ) (-2048 -1024 4544 ) (-3072 -1024 4544 ) (-3072 -1024 -448 ) 
4 132 133 (-3072 0 4544 ) (-3072 0 -448 ) (-3072 -1024 -448 ) (-3072 -1024 4544 ) 
4 133 150 (-4096 0 4544 ) (-4096 0 -448 ) (-4096 -1024 -448 ) (-4096 -1024 4544 ) 
4 133 135 (-3072 -1024 -448 ) (-3072 -1024 4544 ) (-4096 -1024 4544 ) (-4096 -1024 -448 ) 
4 134 136 (-2048 -2048 -448 ) (-2048 -2048 4544 ) (-3072 -2048 4544 ) (-3072 -2048 -448 ) 
4 134 135 (-3072 -2048 -448 ) (-3072 -2048 4544 ) (-3072 -1024 4544 ) (-3072 -1024 -448 ) 
4 135 152 (-4096 -2048 -448 ) (-4096 -2048 4544 ) (-4096 -1024 4544 ) (-4096 -1024 -448 ) 
4 135 137 (-4096 -2048 4544 ) (-4096 -2048 -448 ) (-3072 -2048 -448 ) (-3072 -2048 4544 ) 
4 136 142 (-2048 -3072 -448 ) (-2048 -3072 4544 ) (-3072 -3072 4544 ) (-3072 -3072 -448 ) 
4 136 137 (-3072 -2048 4544 ) (-3072 -2048 -448 ) (-3072 -3072 -448 ) (-3072 -3072 4544 ) 
4 137 154 (-4096 -3072 -448 ) (-4096 -3072 4544 ) (-4096 -2048 4544 ) (-4096 -2048 -448 ) 
4 137 143 (-3072 -3072 -448 ) (-3072 -3072 4544 ) (-4096 -3072 4544 ) (-4096 -3072 -448 ) 
4 138 140 (0 -4096 -448 ) (0 -4096 4544 ) (-1024 -4096 4544 ) (-1024 -4096 -448 ) 
4 138 139 (-1024 -4096 -448 ) (-1024 -4096 4544 ) (-1024 -3072 4544 ) (-1024 -3072 -448 ) 
4 139 142 (-2048 -4096 -448 ) (-2048 -4096 4544 ) (-2048 -3072 4544 ) (-2048 -3072 -448 ) 
4 139 141 (-1024 -4096 -448 ) (-1024 -4096 4544 ) (-2048 -4096 4544 ) (-2048 -4096 -448 ) 
4 140 146 (0 -5120 -448 ) (0 -5120 4544 ) (-1024 -5120 4544 ) (-1024 -5120 -448 ) 
4 140 141 (-1024 -4096 4544 ) (-1024 -4096 -448 ) (-1024 -5120 -448 ) (-1024 -5120 4544 ) 
4 141 147 (-1024 -5120 -448 ) (-1024 -5120 4544 ) (-2048 -5120 4544 ) (-2048 -5120 -448 ) 
4 141 144 (-2048 -5120 -448 ) (-2048 -5120 4544 ) (-2048 -4096 4544 ) (-2048 -4096 -448 ) 
4 142 144 (-2048 -4096 -448 ) (-2048 -4096 4544 ) (-3072 -4096 4544 ) (-3072 -4096 -448 ) 
4 142 143 (-3072 -4096 -448 ) (-3072 -4096 4544 ) (-3072 -3072 4544 ) (-3072 -3072 -448 ) 
4 143 159 (-4096 -4096 -448 ) (-4096 -4096 4544 ) (-4096 -3072 4544 ) (-4096 -3072 -448 ) 
4 143 145 (-4096 -4096 4544 ) (-4096 -4096 -448 ) (-3072 -4096 -448 ) (-3072 -4096 4544 ) 
4 144 148 (-2048 -5120 -448 ) (-2048 -5120 4544 ) (-3072 -5120 4544 ) (-3072 -5120 -448 ) 
4 144 145 (-3072 -4096 4544 ) (-3072 -4096 -448 ) (-3072 -5120 -448 ) (-3072 -5120 4544 ) 
4 145 161 (-4096 -5120 -448 ) (-4096 -5120 4544 ) (-4096 -4096 4544 ) (-4096 -4096 -448 ) 
4 145 149 (-4096 -5120 4544 ) (-4096 -5120 -448 ) (-3072 -5120 -448 ) (-3072 -5120 4544 ) 
4 146 147 (-1024 -5120 4544 ) (-1024 -5120 -448 ) (-1024 -5632 -448 ) (-1024 -5632 4544 ) 
4 147 148 (-2048 -5120 4544 ) (-2048 -5120 -448 ) (-2048 -5632 -448 ) (-2048 -5632 4544 ) 
4 148 149 (-3072 -5120 4544 ) (-3072 -5120 -448 ) (-3072 -5632 -448 ) (-3072 -5632 4544 ) 
4 149 165 (-4096 -5632 -448 ) (-4096 -5632 4544 ) (-4096 -5120 4544 ) (-4096 -5120 -448 ) 
4 150 152 (-4096 -1024 -448 ) (-4096 -1024 4544 ) (-5120 -1024 4544 ) (-5120 -1024 -448 ) 
4 150 151 (-5120 0 4544 ) (-5120 0 -448 ) (-5120 -1024 -448 ) (-5120 -1024 4544 ) 
4 151 156 (-6144 0 4544 ) (-6144 0 -448 ) (-6144 -1024 -448 ) (-6144 -1024 4544 ) 
4 151 153 (-5120 -1024 -448 ) (-5120 -1024 4544 ) (-6144 -1024 4544 ) (-6144 -1024 -448 ) 
4 152 154 (-4096 -2048 -448 ) (-4096 -2048 4544 ) (-5120 -2048 4544 ) (-5120 -2048 -448 ) 
4 152 153 (-5120 -2048 -448 ) (-5120 -2048 4544 ) (-5120 -1024 4544 ) (-5120 -1024 -448 ) 
4 153 157 (-6144 -2048 -448 ) (-6144 -2048 4544 ) (-6144 -1024 4544 ) (-6144 -1024 -448 ) 
4 153 155 (-6144 -2048 4544 ) (-6144 -2048 -448 ) (-5120 -2048 -448 ) (-5120 -2048 4544 ) 
4 154 159 (-4096 -3072 -448 ) (-4096 -3072 4544 ) (-5120 -3072 4544 ) (-5120 -3072 -448 ) 
4 154 155 (-5120 -2048 4544 ) (-5120 -2048 -448 ) (-5120 -3072 -448 ) (-5120 -3072 4544 ) 
4 155 160 (-5120 -3072 -448 ) (-5120 -3072 4544 ) (-6144 -3072 4544 ) (-6144 -3072 -448 ) 
4 155 158 (-6144 -3072 -448 ) (-6144 -3072 4544 ) (-6144 -2048 4544 ) (-6144 -2048 -448 ) 
4 156 157 (-6144 -1024 -448 ) (-6144 -1024 4544 ) (-6400 -1024 4544 ) (-6400 -1024 -448 ) 
4 157 158 (-6144 -2048 -448 ) (-6144 -2048 4544 ) (-6400 -2048 4544 ) (-6400 -2048 -448 ) 
4 158 163 (-6144 -3072 -448 ) (-6144 -3072 4544 ) (-6400 -3072 4544 ) (-6400 -3072 -448 ) 
4 159 161 (-4096 -4096 -448 ) (-4096 -4096 4544 ) (-5120 -4096 4544 ) (-5120 -4096 -448 ) 
4 159 160 (-5120 -4096 -448 ) (-5120 -4096 4544 ) (-5120 -3072 4544 ) (-5120 -3072 -448 ) 
4 160 163 (-6144 -4096 -448 ) (-6144 -4096 4544 ) (-6144 -3072 4544 ) (-6144 -3072 -448 ) 
4 160 162 (-5120 -4096 -448 ) (-5120 -4096 4544 ) (-6144 -4096 4544 ) (-6144 -4096 -448 ) 
4 161 165 (-4096 -5120 -448 ) (-4096 -5120 4544 ) (-5120 -5120 4544 ) (-5120 -5120 -448 ) 
4 161 162 (-5120 -4096 4544 ) (-5120 -4096 -448 ) (-5120 -5120 -448 ) (-5120 -5120 4544 ) 
4 162 166 (-5120 -5120 -448 ) (-5120 -5120 4544 ) (-6144 -5120 4544 ) (-6144 -5120 -448 ) 
4 162 164 (-6144 -5120 -448 ) (-6144 -5120 4544 ) (-6144 -4096 4544 ) (-6144 -4096 -448 ) 
4 163 164 (-6144 -4096 -448 ) (-6144 -4096 4544 ) (-6400 -4096 4544 ) (-6400 -4096 -448 ) 
4 164 167 (-6144 -5120 -448 ) (-6144 -5120 4544 ) (-6400 -5120 4544 ) (-6400 -5120 -448 ) 
4 165 166 (-5120 -5120 4544 ) (-5120 -5120 -448 ) (-5120 -5632 -448 ) (-5120 -5632 4544 ) 
4 166 167 (-6144 -5120 4544 ) (-6144 -5120 -448 ) (-6144 -5632 -448 ) (-6144 -5632 4544 ) 
